autorelease 785629647f449be09bf053ae020019a02f0fbd29 Carbon
aaa 320971a7892e4540bc5d253cf9a2f8117b61e2ce Carbon
alto 1de27c7e7b3f66d1256927e471a3aac6c8668d94 Carbon
bgpcep a6f2f549e5c303e32fe9ee5e360d77a92506dd93 Carbon
bier 8282c458c770873f6db154d075e569ff1be5766b Carbon
cardinal 29669eee1fd455c146a573c8c8e0d3c92dc870ce Carbon
controller 489279ae04fcacc53042a1a886e24547674fddbd Carbon
didm 22ddc1a681e2b2795bea1d502aee168ebcfa6566 Carbon
dlux 4f31d8f0c1fa72e12257773a3e30d906f22c2b2d Carbon
dluxapps ce9e7a11ca3bd9010c877a3bc4f3e290198be5ea Carbon
eman 66acccf738e730810b8ab093c5f2988a8194c353 Carbon
faas 3035994f314a27cbc703dc1e4865f4e40a51626e Carbon
federation ac52743a4bf9743034b268fd95100270ed469e84 Carbon
genius 9c9d9a2516359df85ece0b257fed9233f7aba867 Carbon
groupbasedpolicy 2101149faf74307bc9eb42ffcfd13ec6ae0eb9e6 Carbon
honeycomb/vbd 9523af3667ff1f5fc766914d81647caca2be482b Carbon
infrautils 5796ed1f1e78bd604209a04190a0dace17c1329e Carbon
integration/distribution 2c8a2f6ba465b5be272ad2fadbfd0ab33c8e6f4c Carbon
iotdm 7061e36fd7f807a853abb4f6ad0099882bc34ea3 Carbon
l2switch 28bac3beb41f13e111019067b17adbb534212f03 Carbon
lacp cb3ee37ebb8d87d75363d8f51c8aa4c63dc65d81 Carbon
lispflowmapping 90372a08ae3451d82432613a9f43637fc84bb951 Carbon
mdsal 7b7b4c935b59ab22cf3440f456dd8fda0643f49e Carbon
nemo 2d63c040aff42bb3c78f5d872420603e3e0947d5 Carbon
netconf a6571abba4b2a84d82dba59e0361b7134ba0f7b5 Carbon
netide e3e26b044bc6fbfd8fb2886168ad2db602fa95ba Carbon
netvirt 523fc696deec4a97b2b214918072953ea2180510 Carbon
neutron a66421b84268efd1c9fa4893f505a75f241f2e34 Carbon
next 5e839132b988f528b56fd57d8615b839f436a718 Carbon
nic 397bb0fe5cb7b687fcef986b06b46d780dae2461 Carbon
ocpplugin 2ce7ab1d21a3cab57213302387ae6290a7c7a7f6 Carbon
odlparent 7c302037db1c69546f703365a3b683b667727250 Carbon
of-config fdb49330b015bbb70248bacb99726acca0a50f16 Carbon
openflowjava 63a68512568ef8e59a72c70d2c31def3306be3c7 Carbon
openflowplugin de333eb978e7ca9bd59a9dbbf5d977876240ea76 Carbon
ovsdb ce6ef26456e491825333a41816a80281a15a0b5d Carbon
packetcable a6ba133a93a5a6cf2137e0b2a6a22b74f00faa74 Carbon
sdninterfaceapp cfd95124ba9bc5e37774b84a3fd9318bb92bdb79 Carbon
sfc 291f92b2264ed497bc16da1861541437b1c91001 Carbon
snmp 94ff4ef171b49267f999f88210ec8969463e6d7b Carbon
snmp4sdn dc2ee19917e42d2eba915fefc5c95ea8f5e4cdc1 Carbon
sxp e7059ffc56c0bc37435d955a6b0d9e098270bc82 Carbon
topoprocessing 1ac02e3551369bda34520b583569ef9bb7db4910 Carbon
tsdr 6aa702f2b7cfc3817528159e33bb3a58b5b8af14 Carbon
ttp f2ec0902cc4f32bc11086ac2f32bba178469823c Carbon
unimgr bfbae0440be2c9b3f0a861b9781b5c684c98c7d4 Carbon
usc 5b889aa1d0a43e4f9acec2dbf6f4f7660ad4b7e6 Carbon
yangtools 6a95892cc3ba098a79a633cbc78c47317e118e25 Carbon
