!SESSION 2019-04-07 17:43:28.474 -----------------------------------------------
eclipse.buildId=unknown
java.version=1.8.0_201
java.vendor=Oracle Corporation
BootLoader constants: OS=macosx, ARCH=x86_64, WS=cocoa, NL=en_US

!ENTRY org.eclipse.osgi 4 0 2019-04-07 17:43:28.528
!MESSAGE error loading hook: org.eclipse.virgo.kernel.equinox.extensions.hooks.ExtensionsHookConfigurator
!STACK 0
java.lang.ClassNotFoundException: org.eclipse.virgo.kernel.equinox.extensions.hooks.ExtensionsHookConfigurator
	at java.net.URLClassLoader.findClass(URLClassLoader.java:382)
	at java.lang.ClassLoader.loadClass(ClassLoader.java:424)
	at java.lang.ClassLoader.loadClass(ClassLoader.java:357)
	at java.lang.Class.forName0(Native Method)
	at java.lang.Class.forName(Class.java:264)
	at org.eclipse.osgi.baseadaptor.HookRegistry.loadConfigurators(HookRegistry.java:176)
	at org.eclipse.osgi.baseadaptor.HookRegistry.initialize(HookRegistry.java:100)
	at org.eclipse.osgi.baseadaptor.BaseAdaptor.<init>(BaseAdaptor.java:98)
	at org.eclipse.osgi.framework.internal.core.EquinoxLauncher.internalInit(EquinoxLauncher.java:67)
	at org.eclipse.osgi.framework.internal.core.EquinoxLauncher.init(EquinoxLauncher.java:37)
	at org.eclipse.osgi.launch.Equinox.init(Equinox.java:178)
	at org.apache.karaf.main.Main.launch(Main.java:240)
	at org.apache.karaf.main.Main.main(Main.java:167)
